<?xml version="1.0" encoding="UTF-8"?>
<testng-results ignored="0" total="1" passed="1" failed="0" skipped="0">
  <reporter-output>
  </reporter-output>
  <suite started-at="2020-11-09T15:38:52 IST" name="Default suite" finished-at="2020-11-09T15:39:24 IST" duration-ms="32044">
    <groups>
      <group name="cucumber">
        <method signature="AbstractTestNGCucumberTests.feature(cucumber.api.testng.CucumberFeatureWrapper)[pri:0, instance:Runner.TestRunner@3e6ef8ad]" name="feature" class="cucumber.api.testng.AbstractTestNGCucumberTests"/>
      </group> <!-- cucumber -->
    </groups>
    <test started-at="2020-11-09T15:38:52 IST" name="Default test" finished-at="2020-11-09T15:39:24 IST" duration-ms="32044">
      <class name="Runner.TestRunner">
        <test-method is-config="true" signature="setUpClass()[pri:0, instance:Runner.TestRunner@3e6ef8ad]" started-at="2020-11-09T15:38:52 IST" name="setUpClass" finished-at="2020-11-09T15:38:52 IST" duration-ms="293" status="PASS">
          <reporter-output>
          </reporter-output>
        </test-method> <!-- setUpClass -->
        <test-method signature="feature(cucumber.api.testng.CucumberFeatureWrapper)[pri:0, instance:Runner.TestRunner@3e6ef8ad]" started-at="2020-11-09T15:38:52 IST" name="feature" description="Runs Cucumber Feature" data-provider="features" finished-at="2020-11-09T15:39:23 IST" duration-ms="30846" status="PASS">
          <params>
            <param index="0">
              <value>
                <![CDATA[Guru 99 login and Login with username and password]]>
              </value>
            </param>
          </params>
          <reporter-output>
          </reporter-output>
        </test-method> <!-- feature -->
        <test-method is-config="true" signature="writeExtentReport()[pri:0, instance:Runner.TestRunner@3e6ef8ad]" started-at="2020-11-09T15:39:23 IST" name="writeExtentReport" finished-at="2020-11-09T15:39:23 IST" duration-ms="11" status="PASS">
          <reporter-output>
          </reporter-output>
        </test-method> <!-- writeExtentReport -->
        <test-method is-config="true" signature="tearDownClass()[pri:0, instance:Runner.TestRunner@3e6ef8ad]" started-at="2020-11-09T15:39:23 IST" name="tearDownClass" finished-at="2020-11-09T15:39:24 IST" duration-ms="744" status="PASS">
          <reporter-output>
          </reporter-output>
        </test-method> <!-- tearDownClass -->
      </class> <!-- Runner.TestRunner -->
    </test> <!-- Default test -->
  </suite> <!-- Default suite -->
</testng-results>
